TpTrace Verbose: 0 : 2348, 1, 2021/08/18, 11:27:48.466, 957691662979, vstest.console.dll, Version: 16.9.0-release-20210216-04
TpTrace Information: 0 : 2348, 1, 2021/08/18, 11:27:48.475, 957691742585, vstest.console.dll, FilePatternParser: The given file E:\C# Project\ASP .Net Core\Shoes-Website-Project\Shoes-Website.Application.UnitTests\bin\Debug\net5.0\fine-code-coverage\build-output\Shoes-Website.Application.UnitTests.dll is a full path.
TpTrace Verbose: 0 : 2348, 1, 2021/08/18, 11:27:48.482, 957691809715, vstest.console.dll, TestPluginCache.DiscoverTestExtensions: finding test extensions in assemblies ends with: RuntimeProvider.dll TPluginInfo: Microsoft.VisualStudio.TestPlatform.Common.ExtensionFramework.Utilities.TestRuntimePluginInformation TExtension: Microsoft.VisualStudio.TestPlatform.ObjectModel.Host.ITestRuntimeProvider
TpTrace Verbose: 0 : 2348, 1, 2021/08/18, 11:27:48.482, 957691815663, vstest.console.dll, TestPluginCache.GetExtensionPaths: Filtered extension paths: 
TpTrace Verbose: 0 : 2348, 1, 2021/08/18, 11:27:48.482, 957691816652, vstest.console.dll, TestPluginCache.GetExtensionPaths: Added default extension paths: C:\Program Files\dotnet\sdk\5.0.200\Extensions\Microsoft.Diagnostics.NETCore.Client.dll
C:\Program Files\dotnet\sdk\5.0.200\Extensions\Microsoft.TestPlatform.Extensions.BlameDataCollector.dll
C:\Program Files\dotnet\sdk\5.0.200\Extensions\Microsoft.TestPlatform.Extensions.EventLogCollector.dll
C:\Program Files\dotnet\sdk\5.0.200\Extensions\Microsoft.TestPlatform.TestHostRuntimeProvider.dll
C:\Program Files\dotnet\sdk\5.0.200\Extensions\Microsoft.VisualStudio.TestPlatform.Extensions.Html.TestLogger.dll
C:\Program Files\dotnet\sdk\5.0.200\Extensions\Microsoft.VisualStudio.TestPlatform.Extensions.Trx.TestLogger.dll
TpTrace Verbose: 0 : 2348, 1, 2021/08/18, 11:27:48.482, 957691817025, vstest.console.dll, TestPluginCache.GetExtensionPaths: Added unfilterableExtensionPaths: 
TpTrace Information: 0 : 2348, 1, 2021/08/18, 11:27:48.483, 957691825013, vstest.console.dll, AssemblyResolver.ctor: Creating AssemblyResolver with searchDirectories C:\Program Files\dotnet\sdk\5.0.200\Extensions,C:\Program Files\dotnet\sdk\5.0.200
TpTrace Verbose: 0 : 2348, 1, 2021/08/18, 11:27:48.484, 957691834174, vstest.console.dll, TestPluginCache.DiscoverTestExtensions: Discovering the extensions using extension path.
TpTrace Verbose: 0 : 2348, 1, 2021/08/18, 11:27:48.484, 957691835164, vstest.console.dll, TestPluginCache.GetExtensionPaths: Filtered extension paths: 
TpTrace Verbose: 0 : 2348, 1, 2021/08/18, 11:27:48.484, 957691835592, vstest.console.dll, TestPluginCache.GetExtensionPaths: Added default extension paths: C:\Program Files\dotnet\sdk\5.0.200\Extensions\Microsoft.Diagnostics.NETCore.Client.dll
C:\Program Files\dotnet\sdk\5.0.200\Extensions\Microsoft.TestPlatform.Extensions.BlameDataCollector.dll
C:\Program Files\dotnet\sdk\5.0.200\Extensions\Microsoft.TestPlatform.Extensions.EventLogCollector.dll
C:\Program Files\dotnet\sdk\5.0.200\Extensions\Microsoft.TestPlatform.TestHostRuntimeProvider.dll
C:\Program Files\dotnet\sdk\5.0.200\Extensions\Microsoft.VisualStudio.TestPlatform.Extensions.Html.TestLogger.dll
C:\Program Files\dotnet\sdk\5.0.200\Extensions\Microsoft.VisualStudio.TestPlatform.Extensions.Trx.TestLogger.dll
TpTrace Verbose: 0 : 2348, 1, 2021/08/18, 11:27:48.484, 957691835916, vstest.console.dll, TestPluginCache.GetExtensionPaths: Added unfilterableExtensionPaths: 
TpTrace Verbose: 0 : 2348, 1, 2021/08/18, 11:27:48.484, 957691836584, vstest.console.dll, TestPluginCache.DiscoverTestExtensions: Discovering the extensions using allExtensionPaths: C:\Program Files\dotnet\sdk\5.0.200\Extensions\Microsoft.Diagnostics.NETCore.Client.dll
C:\Program Files\dotnet\sdk\5.0.200\Extensions\Microsoft.TestPlatform.Extensions.BlameDataCollector.dll
C:\Program Files\dotnet\sdk\5.0.200\Extensions\Microsoft.TestPlatform.Extensions.EventLogCollector.dll
C:\Program Files\dotnet\sdk\5.0.200\Extensions\Microsoft.TestPlatform.TestHostRuntimeProvider.dll
C:\Program Files\dotnet\sdk\5.0.200\Extensions\Microsoft.VisualStudio.TestPlatform.Extensions.Html.TestLogger.dll
C:\Program Files\dotnet\sdk\5.0.200\Extensions\Microsoft.VisualStudio.TestPlatform.Extensions.Trx.TestLogger.dll
TpTrace Information: 0 : 2348, 1, 2021/08/18, 11:27:48.485, 957691838080, vstest.console.dll, AssemblyResolver.AddSearchDirectories: Adding more searchDirectories C:\Program Files\dotnet\sdk\5.0.200\Extensions,C:\Program Files\dotnet\sdk\5.0.200
TpTrace Information: 0 : 2348, 1, 2021/08/18, 11:27:48.485, 957691838815, vstest.console.dll, AssemblyResolver.AddSearchDirectories: Adding more searchDirectories C:\Program Files\dotnet\sdk\5.0.200\Extensions,C:\Program Files\dotnet\sdk\5.0.200
TpTrace Information: 0 : 2348, 1, 2021/08/18, 11:27:48.485, 957691839250, vstest.console.dll, AssemblyResolver.AddSearchDirectories: Adding more searchDirectories C:\Program Files\dotnet\sdk\5.0.200\Extensions,C:\Program Files\dotnet\sdk\5.0.200
TpTrace Information: 0 : 2348, 1, 2021/08/18, 11:27:48.485, 957691839588, vstest.console.dll, AssemblyResolver.AddSearchDirectories: Adding more searchDirectories C:\Program Files\dotnet\sdk\5.0.200\Extensions,C:\Program Files\dotnet\sdk\5.0.200
TpTrace Information: 0 : 2348, 1, 2021/08/18, 11:27:48.485, 957691839983, vstest.console.dll, AssemblyResolver.AddSearchDirectories: Adding more searchDirectories C:\Program Files\dotnet\sdk\5.0.200\Extensions,C:\Program Files\dotnet\sdk\5.0.200
TpTrace Information: 0 : 2348, 1, 2021/08/18, 11:27:48.485, 957691840376, vstest.console.dll, AssemblyResolver.AddSearchDirectories: Adding more searchDirectories C:\Program Files\dotnet\sdk\5.0.200\Extensions,C:\Program Files\dotnet\sdk\5.0.200
TpTrace Information: 0 : 2348, 1, 2021/08/18, 11:27:48.485, 957691843950, vstest.console.dll, AssemblyResolver.OnResolve: Microsoft.Diagnostics.NETCore.Client: Resolving assembly.
TpTrace Information: 0 : 2348, 1, 2021/08/18, 11:27:48.486, 957691857545, vstest.console.dll, AssemblyResolver.OnResolve: Resolved assembly: Microsoft.Diagnostics.NETCore.Client, from path: C:\Program Files\dotnet\sdk\5.0.200\Extensions\Microsoft.Diagnostics.NETCore.Client.dll
TpTrace Information: 0 : 2348, 1, 2021/08/18, 11:27:48.489, 957691881344, vstest.console.dll, AssemblyResolver.OnResolve: Microsoft.Bcl.AsyncInterfaces: Resolving assembly.
TpTrace Information: 0 : 2348, 1, 2021/08/18, 11:27:48.489, 957691883476, vstest.console.dll, AssemblyResolver.OnResolve: Microsoft.Bcl.AsyncInterfaces: Failed to load assembly.
TpTrace Verbose: 0 : 2348, 1, 2021/08/18, 11:27:48.489, 957691883940, vstest.console.dll, CurrentDomain_AssemblyResolve: Resolving assembly 'Microsoft.Bcl.AsyncInterfaces'.
TpTrace Information: 0 : 2348, 1, 2021/08/18, 11:27:48.489, 957691884553, vstest.console.dll, AssemblyResolver.OnResolve: Microsoft.Bcl.AsyncInterfaces: Resolving assembly.
TpTrace Information: 0 : 2348, 1, 2021/08/18, 11:27:48.489, 957691884908, vstest.console.dll, AssemblyResolver.OnResolve: Microsoft.Bcl.AsyncInterfaces: Resolved from cache.
TpTrace Verbose: 0 : 2348, 1, 2021/08/18, 11:27:48.489, 957691885185, vstest.console.dll, CurrentDomain_AssemblyResolve: Resolving assembly 'Microsoft.Bcl.AsyncInterfaces'.
TpTrace Verbose: 0 : 2348, 1, 2021/08/18, 11:27:48.489, 957691885567, vstest.console.dll, CurrentDomainAssemblyResolve: Failed to resolve assembly 'Microsoft.Bcl.AsyncInterfaces'.
TpTrace Verbose: 0 : 2348, 1, 2021/08/18, 11:27:48.490, 957691892601, vstest.console.dll, CurrentDomainAssemblyResolve: Failed to resolve assembly 'Microsoft.Bcl.AsyncInterfaces'.
TpTrace Warning: 0 : 2348, 1, 2021/08/18, 11:27:48.502, 957692014432, vstest.console.dll, TestPluginDiscoverer: Failed to get types from assembly 'Microsoft.Diagnostics.NETCore.Client, Version=0.2.2.41902, Culture=neutral, PublicKeyToken=31bf3856ad364e35'.  Skipping test extension scan for this assembly.  Error: System.Reflection.ReflectionTypeLoadException: Unable to load one or more of the requested types.
Could not load file or assembly 'Microsoft.Bcl.AsyncInterfaces, Version=1.0.0.0, Culture=neutral, PublicKeyToken=cc7b13ffcd2ddd51'. The system cannot find the file specified.
   at System.Reflection.RuntimeModule.GetTypes(RuntimeModule module)
   at System.Reflection.RuntimeModule.GetTypes()
   at System.Reflection.Assembly.GetTypes()
   at Microsoft.VisualStudio.TestPlatform.Common.ExtensionFramework.TestPluginDiscoverer.GetTestExtensionsFromAssembly[TPluginInfo,TExtension](Assembly assembly, Dictionary`2 pluginInfos)
System.IO.FileNotFoundException: Could not load file or assembly 'Microsoft.Bcl.AsyncInterfaces, Version=1.0.0.0, Culture=neutral, PublicKeyToken=cc7b13ffcd2ddd51'. The system cannot find the file specified.
File name: 'Microsoft.Bcl.AsyncInterfaces, Version=1.0.0.0, Culture=neutral, PublicKeyToken=cc7b13ffcd2ddd51'
TpTrace Warning: 0 : 2348, 1, 2021/08/18, 11:27:48.502, 957692016006, vstest.console.dll, LoaderExceptions: System.IO.FileNotFoundException: Could not load file or assembly 'Microsoft.Bcl.AsyncInterfaces, Version=1.0.0.0, Culture=neutral, PublicKeyToken=cc7b13ffcd2ddd51'. The system cannot find the file specified.
File name: 'Microsoft.Bcl.AsyncInterfaces, Version=1.0.0.0, Culture=neutral, PublicKeyToken=cc7b13ffcd2ddd51'
TpTrace Information: 0 : 2348, 1, 2021/08/18, 11:27:48.502, 957692017112, vstest.console.dll, AssemblyResolver.OnResolve: Microsoft.TestPlatform.Extensions.BlameDataCollector: Resolving assembly.
TpTrace Information: 0 : 2348, 1, 2021/08/18, 11:27:48.503, 957692025829, vstest.console.dll, AssemblyResolver.OnResolve: Resolved assembly: Microsoft.TestPlatform.Extensions.BlameDataCollector, from path: C:\Program Files\dotnet\sdk\5.0.200\Extensions\Microsoft.TestPlatform.Extensions.BlameDataCollector.dll
TpTrace Information: 0 : 2348, 1, 2021/08/18, 11:27:48.504, 957692030951, vstest.console.dll, AssemblyResolver.OnResolve: Microsoft.TestPlatform.Extensions.EventLogCollector: Resolving assembly.
TpTrace Information: 0 : 2348, 1, 2021/08/18, 11:27:48.505, 957692038097, vstest.console.dll, AssemblyResolver.OnResolve: Resolved assembly: Microsoft.TestPlatform.Extensions.EventLogCollector, from path: C:\Program Files\dotnet\sdk\5.0.200\Extensions\Microsoft.TestPlatform.Extensions.EventLogCollector.dll
TpTrace Information: 0 : 2348, 1, 2021/08/18, 11:27:48.506, 957692048976, vstest.console.dll, AssemblyResolver.OnResolve: Microsoft.TestPlatform.TestHostRuntimeProvider: Resolving assembly.
TpTrace Information: 0 : 2348, 1, 2021/08/18, 11:27:48.506, 957692054862, vstest.console.dll, AssemblyResolver.OnResolve: Resolved assembly: Microsoft.TestPlatform.TestHostRuntimeProvider, from path: C:\Program Files\dotnet\sdk\5.0.200\Extensions\Microsoft.TestPlatform.TestHostRuntimeProvider.dll
TpTrace Information: 0 : 2348, 1, 2021/08/18, 11:27:48.507, 957692062558, vstest.console.dll, AssemblyResolver.OnResolve: Microsoft.VisualStudio.TestPlatform.Extensions.Html.TestLogger: Resolving assembly.
TpTrace Information: 0 : 2348, 1, 2021/08/18, 11:27:48.508, 957692070475, vstest.console.dll, AssemblyResolver.OnResolve: Resolved assembly: Microsoft.VisualStudio.TestPlatform.Extensions.Html.TestLogger, from path: C:\Program Files\dotnet\sdk\5.0.200\Extensions\Microsoft.VisualStudio.TestPlatform.Extensions.Html.TestLogger.dll
TpTrace Information: 0 : 2348, 1, 2021/08/18, 11:27:48.508, 957692073226, vstest.console.dll, AssemblyResolver.OnResolve: Microsoft.VisualStudio.TestPlatform.Extensions.Trx.TestLogger: Resolving assembly.
TpTrace Information: 0 : 2348, 1, 2021/08/18, 11:27:48.509, 957692080649, vstest.console.dll, AssemblyResolver.OnResolve: Resolved assembly: Microsoft.VisualStudio.TestPlatform.Extensions.Trx.TestLogger, from path: C:\Program Files\dotnet\sdk\5.0.200\Extensions\Microsoft.VisualStudio.TestPlatform.Extensions.Trx.TestLogger.dll
TpTrace Verbose: 0 : 2348, 1, 2021/08/18, 11:27:48.509, 957692084859, vstest.console.dll, TestPluginCache: Discovered the extensions using extension path ''.
TpTrace Verbose: 0 : 2348, 1, 2021/08/18, 11:27:48.509, 957692085309, vstest.console.dll, TestPluginCache: Discoverers are ''.
TpTrace Verbose: 0 : 2348, 1, 2021/08/18, 11:27:48.509, 957692085619, vstest.console.dll, TestPluginCache: Executors are ''.
TpTrace Verbose: 0 : 2348, 1, 2021/08/18, 11:27:48.509, 957692085894, vstest.console.dll, TestPluginCache: Executors2 are ''.
TpTrace Verbose: 0 : 2348, 1, 2021/08/18, 11:27:48.509, 957692086142, vstest.console.dll, TestPluginCache: Setting providers are ''.
TpTrace Verbose: 0 : 2348, 1, 2021/08/18, 11:27:48.509, 957692086369, vstest.console.dll, TestPluginCache: Loggers are ''.
TpTrace Information: 0 : 2348, 1, 2021/08/18, 11:27:48.513, 957692125127, vstest.console.dll, RunTestsArgumentProcessor:Execute: Test run is starting.
TpTrace Verbose: 0 : 2348, 1, 2021/08/18, 11:27:48.513, 957692125783, vstest.console.dll, RunTestsArgumentProcessor:Execute: Queuing Test run.
TpTrace Information: 0 : 2348, 1, 2021/08/18, 11:27:48.513, 957692127265, vstest.console.dll, TestRequestManager.RunTests: run tests started.
TpTrace Information: 0 : 2348, 1, 2021/08/18, 11:27:48.516, 957692152775, vstest.console.dll, AssemblyMetadataProvider.GetFrameWork: Determined framework:'.NETCoreApp,Version=v5.0' for source: 'E:\C# Project\ASP .Net Core\Shoes-Website-Project\Shoes-Website.Application.UnitTests\bin\Debug\net5.0\fine-code-coverage\build-output\Shoes-Website.Application.UnitTests.dll'
TpTrace Information: 0 : 2348, 1, 2021/08/18, 11:27:48.516, 957692153976, vstest.console.dll, Determined framework for all sources: .NETCoreApp,Version=v5.0
TpTrace Information: 0 : 2348, 1, 2021/08/18, 11:27:48.516, 957692156719, vstest.console.dll, AssemblyMetadataProvider.GetArchitecture: Determined architecture:AnyCPU info for assembly: E:\C# Project\ASP .Net Core\Shoes-Website-Project\Shoes-Website.Application.UnitTests\bin\Debug\net5.0\fine-code-coverage\build-output\Shoes-Website.Application.UnitTests.dll
TpTrace Information: 0 : 2348, 1, 2021/08/18, 11:27:48.518, 957692172141, vstest.console.dll, Determined platform for all sources: X64
TpTrace Information: 0 : 2348, 1, 2021/08/18, 11:27:48.520, 957692194651, vstest.console.dll, Compatible sources list : 
TpTrace Information: 0 : 2348, 1, 2021/08/18, 11:27:48.520, 957692195216, vstest.console.dll, E:\C# Project\ASP .Net Core\Shoes-Website-Project\Shoes-Website.Application.UnitTests\bin\Debug\net5.0\fine-code-coverage\build-output\Shoes-Website.Application.UnitTests.dll
TpTrace Information: 0 : 2348, 1, 2021/08/18, 11:27:48.522, 957692212089, vstest.console.dll, InferRunSettingsHelper.IsTestSettingsEnabled: Unable to navigate to RunSettings/MSTest. Current node: RunSettings
TpTrace Information: 0 : 2348, 1, 2021/08/18, 11:27:48.522, 957692217046, vstest.console.dll, AssemblyResolver.OnResolve: Microsoft.VisualStudio.TestPlatform.Fakes: Resolving assembly.
TpTrace Information: 0 : 2348, 1, 2021/08/18, 11:27:48.523, 957692218861, vstest.console.dll, AssemblyResolver.OnResolve: Microsoft.VisualStudio.TestPlatform.Fakes: Failed to load assembly.
TpTrace Information: 0 : 2348, 1, 2021/08/18, 11:27:48.523, 957692222174, vstest.console.dll, Failed to create newly implemented Fakes Configurator. Reason:System.IO.FileNotFoundException: Could not load file or assembly 'Microsoft.VisualStudio.TestPlatform.Fakes, Version=16.0.0.0, Culture=neutral, PublicKeyToken=null'. The system cannot find the file specified.
File name: 'Microsoft.VisualStudio.TestPlatform.Fakes, Version=16.0.0.0, Culture=neutral, PublicKeyToken=null'
   at System.Reflection.RuntimeAssembly.InternalLoad(ObjectHandleOnStack assemblyName, ObjectHandleOnStack requestingAssembly, StackCrawlMarkHandle stackMark, Boolean throwOnFileNotFound, ObjectHandleOnStack assemblyLoadContext, ObjectHandleOnStack retAssembly)
   at System.Reflection.RuntimeAssembly.InternalLoad(AssemblyName assemblyName, RuntimeAssembly requestingAssembly, StackCrawlMark& stackMark, Boolean throwOnFileNotFound, AssemblyLoadContext assemblyLoadContext)
   at System.Reflection.Assembly.Load(AssemblyName assemblyRef)
   at Microsoft.VisualStudio.TestPlatform.Common.Utilities.FakesUtilities.TryGetFakesCrossPlatformDataCollectorConfigurator() 
TpTrace Verbose: 0 : 2348, 1, 2021/08/18, 11:27:48.525, 957692243732, vstest.console.dll, TestPluginCache.DiscoverTestExtensions: finding test extensions in assemblies ends with: TestLogger.dll TPluginInfo: Microsoft.VisualStudio.TestPlatform.Common.ExtensionFramework.Utilities.TestLoggerPluginInformation TExtension: Microsoft.VisualStudio.TestPlatform.ObjectModel.Client.ITestLogger
TpTrace Verbose: 0 : 2348, 1, 2021/08/18, 11:27:48.525, 957692244635, vstest.console.dll, TestPluginCache.GetExtensionPaths: Filtered extension paths: 
TpTrace Verbose: 0 : 2348, 1, 2021/08/18, 11:27:48.525, 957692244952, vstest.console.dll, TestPluginCache.GetExtensionPaths: Added default extension paths: C:\Program Files\dotnet\sdk\5.0.200\Extensions\Microsoft.Diagnostics.NETCore.Client.dll
C:\Program Files\dotnet\sdk\5.0.200\Extensions\Microsoft.TestPlatform.Extensions.BlameDataCollector.dll
C:\Program Files\dotnet\sdk\5.0.200\Extensions\Microsoft.TestPlatform.Extensions.EventLogCollector.dll
C:\Program Files\dotnet\sdk\5.0.200\Extensions\Microsoft.TestPlatform.TestHostRuntimeProvider.dll
C:\Program Files\dotnet\sdk\5.0.200\Extensions\Microsoft.VisualStudio.TestPlatform.Extensions.Html.TestLogger.dll
C:\Program Files\dotnet\sdk\5.0.200\Extensions\Microsoft.VisualStudio.TestPlatform.Extensions.Trx.TestLogger.dll
TpTrace Verbose: 0 : 2348, 1, 2021/08/18, 11:27:48.525, 957692245207, vstest.console.dll, TestPluginCache.GetExtensionPaths: Added unfilterableExtensionPaths: 
TpTrace Information: 0 : 2348, 1, 2021/08/18, 11:27:48.525, 957692246075, vstest.console.dll, AssemblyResolver.AddSearchDirectories: Adding more searchDirectories C:\Program Files\dotnet\sdk\5.0.200\Extensions,C:\Program Files\dotnet\sdk\5.0.200
TpTrace Verbose: 0 : 2348, 1, 2021/08/18, 11:27:48.525, 957692246401, vstest.console.dll, TestPluginCache.DiscoverTestExtensions: Discovering the extensions using extension path.
TpTrace Verbose: 0 : 2348, 1, 2021/08/18, 11:27:48.525, 957692246593, vstest.console.dll, TestPluginCache.GetExtensionPaths: Filtered extension paths: 
TpTrace Verbose: 0 : 2348, 1, 2021/08/18, 11:27:48.525, 957692246770, vstest.console.dll, TestPluginCache.GetExtensionPaths: Added default extension paths: C:\Program Files\dotnet\sdk\5.0.200\Extensions\Microsoft.Diagnostics.NETCore.Client.dll
C:\Program Files\dotnet\sdk\5.0.200\Extensions\Microsoft.TestPlatform.Extensions.BlameDataCollector.dll
C:\Program Files\dotnet\sdk\5.0.200\Extensions\Microsoft.TestPlatform.Extensions.EventLogCollector.dll
C:\Program Files\dotnet\sdk\5.0.200\Extensions\Microsoft.TestPlatform.TestHostRuntimeProvider.dll
C:\Program Files\dotnet\sdk\5.0.200\Extensions\Microsoft.VisualStudio.TestPlatform.Extensions.Html.TestLogger.dll
C:\Program Files\dotnet\sdk\5.0.200\Extensions\Microsoft.VisualStudio.TestPlatform.Extensions.Trx.TestLogger.dll
TpTrace Verbose: 0 : 2348, 1, 2021/08/18, 11:27:48.525, 957692246976, vstest.console.dll, TestPluginCache.GetExtensionPaths: Added unfilterableExtensionPaths: 
TpTrace Verbose: 0 : 2348, 1, 2021/08/18, 11:27:48.525, 957692247168, vstest.console.dll, TestPluginCache.DiscoverTestExtensions: Discovering the extensions using allExtensionPaths: C:\Program Files\dotnet\sdk\5.0.200\Extensions\Microsoft.Diagnostics.NETCore.Client.dll
C:\Program Files\dotnet\sdk\5.0.200\Extensions\Microsoft.TestPlatform.Extensions.BlameDataCollector.dll
C:\Program Files\dotnet\sdk\5.0.200\Extensions\Microsoft.TestPlatform.Extensions.EventLogCollector.dll
C:\Program Files\dotnet\sdk\5.0.200\Extensions\Microsoft.TestPlatform.TestHostRuntimeProvider.dll
C:\Program Files\dotnet\sdk\5.0.200\Extensions\Microsoft.VisualStudio.TestPlatform.Extensions.Html.TestLogger.dll
C:\Program Files\dotnet\sdk\5.0.200\Extensions\Microsoft.VisualStudio.TestPlatform.Extensions.Trx.TestLogger.dll
TpTrace Information: 0 : 2348, 1, 2021/08/18, 11:27:48.525, 957692247521, vstest.console.dll, AssemblyResolver.AddSearchDirectories: Adding more searchDirectories C:\Program Files\dotnet\sdk\5.0.200\Extensions,C:\Program Files\dotnet\sdk\5.0.200
TpTrace Information: 0 : 2348, 1, 2021/08/18, 11:27:48.525, 957692247737, vstest.console.dll, AssemblyResolver.AddSearchDirectories: Adding more searchDirectories C:\Program Files\dotnet\sdk\5.0.200\Extensions,C:\Program Files\dotnet\sdk\5.0.200
TpTrace Information: 0 : 2348, 1, 2021/08/18, 11:27:48.525, 957692247943, vstest.console.dll, AssemblyResolver.AddSearchDirectories: Adding more searchDirectories C:\Program Files\dotnet\sdk\5.0.200\Extensions,C:\Program Files\dotnet\sdk\5.0.200
TpTrace Information: 0 : 2348, 1, 2021/08/18, 11:27:48.526, 957692248178, vstest.console.dll, AssemblyResolver.AddSearchDirectories: Adding more searchDirectories C:\Program Files\dotnet\sdk\5.0.200\Extensions,C:\Program Files\dotnet\sdk\5.0.200
TpTrace Information: 0 : 2348, 1, 2021/08/18, 11:27:48.526, 957692248362, vstest.console.dll, AssemblyResolver.AddSearchDirectories: Adding more searchDirectories C:\Program Files\dotnet\sdk\5.0.200\Extensions,C:\Program Files\dotnet\sdk\5.0.200
TpTrace Information: 0 : 2348, 1, 2021/08/18, 11:27:48.526, 957692248542, vstest.console.dll, AssemblyResolver.AddSearchDirectories: Adding more searchDirectories C:\Program Files\dotnet\sdk\5.0.200\Extensions,C:\Program Files\dotnet\sdk\5.0.200
TpTrace Information: 0 : 2348, 1, 2021/08/18, 11:27:48.526, 957692249994, vstest.console.dll, AssemblyResolver.OnResolve: Microsoft.Bcl.AsyncInterfaces: Resolving assembly.
TpTrace Information: 0 : 2348, 1, 2021/08/18, 11:27:48.526, 957692250302, vstest.console.dll, AssemblyResolver.OnResolve: Microsoft.Bcl.AsyncInterfaces: Resolved from cache.
TpTrace Verbose: 0 : 2348, 1, 2021/08/18, 11:27:48.526, 957692250525, vstest.console.dll, CurrentDomain_AssemblyResolve: Resolving assembly 'Microsoft.Bcl.AsyncInterfaces'.
TpTrace Information: 0 : 2348, 1, 2021/08/18, 11:27:48.526, 957692250863, vstest.console.dll, AssemblyResolver.OnResolve: Microsoft.Bcl.AsyncInterfaces: Resolving assembly.
TpTrace Information: 0 : 2348, 1, 2021/08/18, 11:27:48.526, 957692251055, vstest.console.dll, AssemblyResolver.OnResolve: Microsoft.Bcl.AsyncInterfaces: Resolved from cache.
TpTrace Verbose: 0 : 2348, 1, 2021/08/18, 11:27:48.526, 957692251263, vstest.console.dll, CurrentDomain_AssemblyResolve: Resolving assembly 'Microsoft.Bcl.AsyncInterfaces'.
TpTrace Verbose: 0 : 2348, 1, 2021/08/18, 11:27:48.526, 957692251433, vstest.console.dll, CurrentDomainAssemblyResolve: Failed to resolve assembly 'Microsoft.Bcl.AsyncInterfaces'.
TpTrace Verbose: 0 : 2348, 1, 2021/08/18, 11:27:48.526, 957692252289, vstest.console.dll, CurrentDomainAssemblyResolve: Failed to resolve assembly 'Microsoft.Bcl.AsyncInterfaces'.
TpTrace Warning: 0 : 2348, 1, 2021/08/18, 11:27:48.526, 957692253912, vstest.console.dll, TestPluginDiscoverer: Failed to get types from assembly 'Microsoft.Diagnostics.NETCore.Client, Version=0.2.2.41902, Culture=neutral, PublicKeyToken=31bf3856ad364e35'.  Skipping test extension scan for this assembly.  Error: System.Reflection.ReflectionTypeLoadException: Unable to load one or more of the requested types.
Could not load file or assembly 'Microsoft.Bcl.AsyncInterfaces, Version=1.0.0.0, Culture=neutral, PublicKeyToken=cc7b13ffcd2ddd51'. The system cannot find the file specified.
   at System.Reflection.RuntimeModule.GetTypes(RuntimeModule module)
   at System.Reflection.RuntimeModule.GetTypes()
   at System.Reflection.Assembly.GetTypes()
   at Microsoft.VisualStudio.TestPlatform.Common.ExtensionFramework.TestPluginDiscoverer.GetTestExtensionsFromAssembly[TPluginInfo,TExtension](Assembly assembly, Dictionary`2 pluginInfos)
System.IO.FileNotFoundException: Could not load file or assembly 'Microsoft.Bcl.AsyncInterfaces, Version=1.0.0.0, Culture=neutral, PublicKeyToken=cc7b13ffcd2ddd51'. The system cannot find the file specified.
File name: 'Microsoft.Bcl.AsyncInterfaces, Version=1.0.0.0, Culture=neutral, PublicKeyToken=cc7b13ffcd2ddd51'
TpTrace Warning: 0 : 2348, 1, 2021/08/18, 11:27:48.526, 957692254240, vstest.console.dll, LoaderExceptions: System.IO.FileNotFoundException: Could not load file or assembly 'Microsoft.Bcl.AsyncInterfaces, Version=1.0.0.0, Culture=neutral, PublicKeyToken=cc7b13ffcd2ddd51'. The system cannot find the file specified.
File name: 'Microsoft.Bcl.AsyncInterfaces, Version=1.0.0.0, Culture=neutral, PublicKeyToken=cc7b13ffcd2ddd51'
TpTrace Verbose: 0 : 2348, 1, 2021/08/18, 11:27:48.526, 957692256545, vstest.console.dll, TestPluginCache: Discovered the extensions using extension path ''.
TpTrace Verbose: 0 : 2348, 1, 2021/08/18, 11:27:48.526, 957692256858, vstest.console.dll, TestPluginCache: Discoverers are ''.
TpTrace Verbose: 0 : 2348, 1, 2021/08/18, 11:27:48.526, 957692257035, vstest.console.dll, TestPluginCache: Executors are ''.
TpTrace Verbose: 0 : 2348, 1, 2021/08/18, 11:27:48.526, 957692257190, vstest.console.dll, TestPluginCache: Executors2 are ''.
TpTrace Verbose: 0 : 2348, 1, 2021/08/18, 11:27:48.526, 957692257349, vstest.console.dll, TestPluginCache: Setting providers are ''.
TpTrace Verbose: 0 : 2348, 1, 2021/08/18, 11:27:48.526, 957692257833, vstest.console.dll, TestPluginCache: Loggers are 'logger://Microsoft/TestPlatform/Extensions/Blame/v1,logger://Microsoft/TestPlatform/HtmlLogger/v1,logger://Microsoft/TestPlatform/TrxLogger/v1'.
TpTrace Information: 0 : 2348, 1, 2021/08/18, 11:27:48.527, 957692261700, vstest.console.dll, TestPluginManager.CreateTestExtension: Attempting to load test extension: Microsoft.TestPlatform.Extensions.BlameDataCollector.BlameLogger
TpTrace Information: 0 : 2348, 1, 2021/08/18, 11:27:48.533, 957692318421, vstest.console.dll, TestPluginManager.CreateTestExtension: Attempting to load test extension: Microsoft.VisualStudio.TestPlatform.CrossPlatEngine.Hosting.DefaultTestHostManager
TpTrace Information: 0 : 2348, 1, 2021/08/18, 11:27:48.533, 957692319944, vstest.console.dll, TestPluginManager.CreateTestExtension: Attempting to load test extension: Microsoft.VisualStudio.TestPlatform.CrossPlatEngine.Hosting.DotnetTestHostManager
TpTrace Verbose: 0 : 2348, 1, 2021/08/18, 11:27:48.533, 957692323056, vstest.console.dll, TestEngine: Initializing Parallel Execution as MaxCpuCount is set to: 1
TpTrace Information: 0 : 2348, 1, 2021/08/18, 11:27:48.533, 957692326198, vstest.console.dll, InferRunSettingsHelper.IsTestSettingsEnabled: Unable to navigate to RunSettings/MSTest. Current node: RunSettings
TpTrace Verbose: 0 : 2348, 1, 2021/08/18, 11:27:48.541, 957692402300, vstest.console.dll, TestRequestSender is acting as server
TpTrace Verbose: 0 : 2348, 4, 2021/08/18, 11:27:48.543, 957692420569, vstest.console.dll, DataCollectionRequestSender.InitializeCommunication : Initialize communication. 
TpTrace Information: 0 : 2348, 4, 2021/08/18, 11:27:48.549, 957692479612, vstest.console.dll, Listening on Endpoint : 127.0.0.1:58433
TpTrace Verbose: 0 : 2348, 4, 2021/08/18, 11:27:48.555, 957692543656, vstest.console.dll, DotnetDataCollectionLauncher: Full path of dotnet.exe is C:\Program Files\dotnet\dotnet.exe
TpTrace Verbose: 0 : 2348, 4, 2021/08/18, 11:27:48.555, 957692544585, vstest.console.dll, DotnetDataCollectionLauncher: Adding  --runtimeconfig "C:\Program Files\dotnet\sdk\5.0.200\datacollector.runtimeconfig.json" in args
TpTrace Verbose: 0 : 2348, 4, 2021/08/18, 11:27:48.555, 957692545144, vstest.console.dll, DotnetDataCollectionLauncher: Adding  --depsfile "C:\Program Files\dotnet\sdk\5.0.200\datacollector.deps.json" in args
TpTrace Information: 0 : 2348, 4, 2021/08/18, 11:27:48.560, 957692591939, vstest.console.dll, ProxyDataCollectionManager.Initialize: Launched datacollector processId: 20188 port: 58433
TpTrace Information: 0 : 2348, 4, 2021/08/18, 11:27:48.560, 957692592820, vstest.console.dll, ProxyDataCollectionManager.Initialize: waiting for connection with timeout: 90 seconds
TpTrace Verbose: 0 : 2348, 4, 2021/08/18, 11:27:48.560, 957692593193, vstest.console.dll, DataCollectionRequestSender.WaitForRequestHandlerConnection : Waiting for connection with timeout: 90000
TpTrace Information: 0 : 2348, 7, 2021/08/18, 11:27:48.659, 957693580353, vstest.console.dll, Using the buffer size of 16384 bytes
TpTrace Verbose: 0 : 2348, 4, 2021/08/18, 11:27:48.659, 957693580754, vstest.console.dll, ProxyDataCollectionManager.InvokeDataCollectionServiceAction: Starting.
TpTrace Information: 0 : 2348, 7, 2021/08/18, 11:27:48.659, 957693581329, vstest.console.dll, Accepted Client request and set the flag
TpTrace Information: 0 : 2348, 4, 2021/08/18, 11:27:48.659, 957693582155, vstest.console.dll, ProxyDataCollectionManager.BeforeTestRunStart: Get environment variable and port for datacollector processId: 20188 port: 58433
TpTrace Verbose: 0 : 2348, 4, 2021/08/18, 11:27:48.659, 957693583117, vstest.console.dll, DataCollectionRequestSender.SendBeforeTestRunStartAndGetResult : Send BeforeTestRunStart message with settingsXml <RunSettings><RunConfiguration><ResultsDirectory>E:\C# Project\ASP .Net Core\Shoes-Website-Project\Shoes-Website.Application.UnitTests\bin\Debug\net5.0\fine-code-coverage\coverage-tool-output</ResultsDirectory><TargetPlatform>X64</TargetPlatform><TargetFrameworkVersion>.NETCoreApp,Version=v5.0</TargetFrameworkVersion><DesignMode>False</DesignMode><CollectSourceInformation>False</CollectSourceInformation><TestAdaptersPaths>C:\Program Files\dotnet\sdk\5.0.200\Extensions</TestAdaptersPaths></RunConfiguration><LoggerRunSettings><Loggers><Logger friendlyName="blame" enabled="True" /><Logger friendlyName="Console" uri="logger://microsoft/TestPlatform/ConsoleLogger/v1" assemblyQualifiedName="Microsoft.VisualStudio.TestPlatform.CommandLine.Internal.ConsoleLogger, vstest.console, Version=15.0.0.0, Culture=neutral, PublicKeyToken=b03f5f7f11d50a3a" codeBase="C:\Program Files\dotnet\sdk\5.0.200\vstest.console.dll" enabled="True" /></Loggers></LoggerRunSettings><DataCollectionRunSettings><DataCollectors><DataCollector friendlyName="blame" enabled="True"><Configuration><ResultsDirectory>E:\C# Project\ASP .Net Core\Shoes-Website-Project\Shoes-Website.Application.UnitTests\bin\Debug\net5.0\fine-code-coverage\coverage-tool-output</ResultsDirectory></Configuration></DataCollector></DataCollectors></DataCollectionRunSettings></RunSettings> and sources System.Linq.Enumerable+Concat2Iterator`1[System.String]: 
TpTrace Verbose: 0 : 2348, 4, 2021/08/18, 11:27:48.721, 957694205089, vstest.console.dll, DataCollectionRequestSender.SendBeforeTestRunStartAndGetResult : Received message: (DataCollection.SendMessage) -> {
  "FriendlyName": null,
  "Uri": null,
  "TestCaseId": "00000000-0000-0000-0000-000000000000",
  "Message": "Logging DataCollector Diagnostics in file: E:\\C# Project\\ASP .Net Core\\Shoes-Website-Project\\Shoes-Website.Application.UnitTests\\bin\\Debug\\net5.0\\fine-code-coverage\\coverage-tool-output\\diagnostics.datacollector.21-08-18_11-27-48_55283_4.log",
  "Level": 0
}
TpTrace Verbose: 0 : 2348, 4, 2021/08/18, 11:27:48.783, 957694818053, vstest.console.dll, DataCollectionRequestSender.SendBeforeTestRunStartAndGetResult : Received message: (DataCollection.BeforeTestRunStartResult) -> {
  "EnvironmentVariables": {},
  "DataCollectionEventsPort": 58438
}
TpTrace Information: 0 : 2348, 4, 2021/08/18, 11:27:48.785, 957694846599, vstest.console.dll, ProxyDataCollectionManager.BeforeTestRunStart: SendBeforeTestRunStartAndGetResult successful, env variable from datacollector:   and testhost port: 58438
TpTrace Information: 0 : 2348, 4, 2021/08/18, 11:27:48.785, 957694847208, vstest.console.dll, ProxyDataCollectionManager.InvokeDataCollectionServiceAction: Completed.
TpTrace Verbose: 0 : 2348, 1, 2021/08/18, 11:27:48.786, 957694848353, vstest.console.dll, TestRunRequest.ExecuteAsync: Creating test run request.
TpTrace Verbose: 0 : 2348, 1, 2021/08/18, 11:27:48.786, 957694850543, vstest.console.dll, TestRunRequest.ExecuteAsync: Starting.
TpTrace Information: 0 : 2348, 1, 2021/08/18, 11:27:48.786, 957694852986, vstest.console.dll, TestRunRequest.ExecuteAsync: Starting run with settings:TestRunCriteria:
   KeepAlive=False,FrequencyOfRunStatsChangeEvent=10,RunStatsChangeEventTimeout=00:00:01.5000000,TestCaseFilter=,TestExecutorLauncher=
   Settingsxml=<RunSettings>
  <RunConfiguration>
    <ResultsDirectory>E:\C# Project\ASP .Net Core\Shoes-Website-Project\Shoes-Website.Application.UnitTests\bin\Debug\net5.0\fine-code-coverage\coverage-tool-output</ResultsDirectory>
    <TargetPlatform>X64</TargetPlatform>
    <TargetFrameworkVersion>.NETCoreApp,Version=v5.0</TargetFrameworkVersion>
    <DesignMode>False</DesignMode>
    <CollectSourceInformation>False</CollectSourceInformation>
  </RunConfiguration>
  <LoggerRunSettings>
    <Loggers>
      <Logger friendlyName="blame" enabled="True" />
      <Logger friendlyName="Console" uri="logger://microsoft/TestPlatform/ConsoleLogger/v1" assemblyQualifiedName="Microsoft.VisualStudio.TestPlatform.CommandLine.Internal.ConsoleLogger, vstest.console, Version=15.0.0.0, Culture=neutral, PublicKeyToken=b03f5f7f11d50a3a" codeBase="C:\Program Files\dotnet\sdk\5.0.200\vstest.console.dll" enabled="True" />
    </Loggers>
  </LoggerRunSettings>
  <DataCollectionRunSettings>
    <DataCollectors>
      <DataCollector friendlyName="blame" enabled="True">
        <Configuration>
          <ResultsDirectory>E:\C# Project\ASP .Net Core\Shoes-Website-Project\Shoes-Website.Application.UnitTests\bin\Debug\net5.0\fine-code-coverage\coverage-tool-output</ResultsDirectory>
        </Configuration>
      </DataCollector>
    </DataCollectors>
  </DataCollectionRunSettings>
</RunSettings>

TpTrace Verbose: 0 : 2348, 1, 2021/08/18, 11:27:48.786, 957694853985, vstest.console.dll, TestRunRequest.ExecuteAsync: Wait for the first run request is over.
TpTrace Verbose: 0 : 2348, 1, 2021/08/18, 11:27:48.786, 957694857513, vstest.console.dll, ParallelProxyExecutionManager: Start execution. Total sources: 1
TpTrace Information: 0 : 2348, 1, 2021/08/18, 11:27:48.787, 957694863665, vstest.console.dll, ProxyParallelExecutionManager: Triggering test run for next source: E:\C# Project\ASP .Net Core\Shoes-Website-Project\Shoes-Website.Application.UnitTests\bin\Debug\net5.0\fine-code-coverage\build-output\Shoes-Website.Application.UnitTests.dll
TpTrace Verbose: 0 : 2348, 4, 2021/08/18, 11:27:48.787, 957694864988, vstest.console.dll, ParallelProxyExecutionManager: Execution started. Started clients: 1
TpTrace Verbose: 0 : 2348, 1, 2021/08/18, 11:27:48.787, 957694865479, vstest.console.dll, ProxyParallelExecutionManager: No sources available for execution.
TpTrace Information: 0 : 2348, 1, 2021/08/18, 11:27:48.787, 957694865937, vstest.console.dll, TestRunRequest.ExecuteAsync: Started.
TpTrace Verbose: 0 : 2348, 1, 2021/08/18, 11:27:48.787, 957694866699, vstest.console.dll, TestRunRequest.WaitForCompletion: Waiting with timeout -1.
TpTrace Verbose: 0 : 2348, 4, 2021/08/18, 11:27:48.787, 957694867539, vstest.console.dll, TestRunRequest:SendTestRunMessage: Starting.
TpTrace Information: 0 : 2348, 4, 2021/08/18, 11:27:48.788, 957694868448, vstest.console.dll, TestRunRequest:SendTestRunMessage: Completed.
TpTrace Verbose: 0 : 2348, 4, 2021/08/18, 11:27:48.788, 957694870050, vstest.console.dll, ProxyExecutionManager: Test host is always Lazy initialize.
TpTrace Verbose: 0 : 2348, 4, 2021/08/18, 11:27:48.788, 957694872026, vstest.console.dll, TestRequestSender.InitializeCommunication: initialize communication. 
TpTrace Information: 0 : 2348, 4, 2021/08/18, 11:27:48.788, 957694877131, vstest.console.dll, SocketServer.Start: Listening on endpoint : 127.0.0.1:58439
TpTrace Verbose: 0 : 2348, 4, 2021/08/18, 11:27:48.789, 957694882628, vstest.console.dll, DotnetTestHostmanager: Adding  --runtimeconfig "E:\C# Project\ASP .Net Core\Shoes-Website-Project\Shoes-Website.Application.UnitTests\bin\Debug\net5.0\fine-code-coverage\build-output\Shoes-Website.Application.UnitTests.runtimeconfig.json" in args
TpTrace Verbose: 0 : 2348, 4, 2021/08/18, 11:27:48.789, 957694883267, vstest.console.dll, DotnetTestHostmanager: Adding  --depsfile "E:\C# Project\ASP .Net Core\Shoes-Website-Project\Shoes-Website.Application.UnitTests\bin\Debug\net5.0\fine-code-coverage\build-output\Shoes-Website.Application.UnitTests.deps.json" in args
TpTrace Verbose: 0 : 2348, 4, 2021/08/18, 11:27:48.789, 957694884693, vstest.console.dll, DotnetTestHostManager: Testhost.exe/testhost.x86.exe found at path: E:\C# Project\ASP .Net Core\Shoes-Website-Project\Shoes-Website.Application.UnitTests\bin\Debug\net5.0\fine-code-coverage\build-output\testhost.exe
TpTrace Verbose: 0 : 2348, 4, 2021/08/18, 11:27:48.789, 957694885600, vstest.console.dll, DotnetTestHostmanager: Full path of host exe is E:\C# Project\ASP .Net Core\Shoes-Website-Project\Shoes-Website.Application.UnitTests\bin\Debug\net5.0\fine-code-coverage\build-output\testhost.exe
TpTrace Verbose: 0 : 2348, 6, 2021/08/18, 11:27:48.790, 957694893479, vstest.console.dll, DotnetTestHostManager: Starting process 'E:\C# Project\ASP .Net Core\Shoes-Website-Project\Shoes-Website.Application.UnitTests\bin\Debug\net5.0\fine-code-coverage\build-output\testhost.exe' with command line ' --runtimeconfig "E:\C# Project\ASP .Net Core\Shoes-Website-Project\Shoes-Website.Application.UnitTests\bin\Debug\net5.0\fine-code-coverage\build-output\Shoes-Website.Application.UnitTests.runtimeconfig.json" --depsfile "E:\C# Project\ASP .Net Core\Shoes-Website-Project\Shoes-Website.Application.UnitTests\bin\Debug\net5.0\fine-code-coverage\build-output\Shoes-Website.Application.UnitTests.deps.json" --port 58439 --endpoint 127.0.0.1:058439 --role client --parentprocessid 2348 --diag "E:\C# Project\ASP .Net Core\Shoes-Website-Project\Shoes-Website.Application.UnitTests\bin\Debug\net5.0\fine-code-coverage\coverage-tool-output\diagnostics.host.21-08-18_11-27-48_78919_4.log" --tracelevel 4 --datacollectionport 58438 --telemetryoptedin false'
TpTrace Verbose: 0 : 2348, 6, 2021/08/18, 11:27:48.793, 957694925539, vstest.console.dll, Test Runtime launched
TpTrace Verbose: 0 : 2348, 4, 2021/08/18, 11:27:48.794, 957694930380, vstest.console.dll, TestRequestSender.WaitForRequestHandlerConnection: waiting for connection with timeout: 90000
TpTrace Verbose: 0 : 2348, 6, 2021/08/18, 11:27:48.911, 957696107375, vstest.console.dll, SocketServer.OnClientConnected: Client connected for endPoint: 127.0.0.1:58439, starting MessageLoopAsync:
TpTrace Verbose: 0 : 2348, 6, 2021/08/18, 11:27:48.912, 957696108829, vstest.console.dll, TcpClientExtensions.MessageLoopAsync: Polling on remoteEndPoint: 127.0.0.1:58440 localEndPoint: 127.0.0.1:58439
TpTrace Verbose: 0 : 2348, 6, 2021/08/18, 11:27:49.032, 957697311104, vstest.console.dll, TcpClientExtensions.MessageLoopAsync: NotifyDataAvailable remoteEndPoint: 127.0.0.1:58440 localEndPoint: 127.0.0.1:58439
TpTrace Verbose: 0 : 2348, 6, 2021/08/18, 11:27:49.032, 957697313863, vstest.console.dll, TestRequestSender.CheckVersionWithTestHost: onMessageReceived received message: (ProtocolVersion) -> 3
TpTrace Verbose: 0 : 2348, 6, 2021/08/18, 11:27:49.032, 957697317708, vstest.console.dll, TcpClientExtensions.MessageLoopAsync: Polling on remoteEndPoint: 127.0.0.1:58440 localEndPoint: 127.0.0.1:58439
TpTrace Verbose: 0 : 2348, 4, 2021/08/18, 11:27:49.034, 957697329421, vstest.console.dll, TestPluginCache.GetExtensionPaths: Filtered extension paths: 
TpTrace Verbose: 0 : 2348, 4, 2021/08/18, 11:27:49.034, 957697331106, vstest.console.dll, TestPluginCache.GetExtensionPaths: Added default extension paths: C:\Program Files\dotnet\sdk\5.0.200\Extensions\Microsoft.Diagnostics.NETCore.Client.dll
C:\Program Files\dotnet\sdk\5.0.200\Extensions\Microsoft.TestPlatform.Extensions.BlameDataCollector.dll
C:\Program Files\dotnet\sdk\5.0.200\Extensions\Microsoft.TestPlatform.Extensions.EventLogCollector.dll
C:\Program Files\dotnet\sdk\5.0.200\Extensions\Microsoft.TestPlatform.TestHostRuntimeProvider.dll
C:\Program Files\dotnet\sdk\5.0.200\Extensions\Microsoft.VisualStudio.TestPlatform.Extensions.Html.TestLogger.dll
C:\Program Files\dotnet\sdk\5.0.200\Extensions\Microsoft.VisualStudio.TestPlatform.Extensions.Trx.TestLogger.dll
TpTrace Verbose: 0 : 2348, 4, 2021/08/18, 11:27:49.034, 957697331506, vstest.console.dll, TestPluginCache.GetExtensionPaths: Added unfilterableExtensionPaths: 
TpTrace Verbose: 0 : 2348, 4, 2021/08/18, 11:27:49.037, 957697359018, vstest.console.dll, TestRequestSender.InitializeExecution: Sending initializing execution with message: {"Version":3,"MessageType":"TestExecution.Initialize","Payload":["E:\\C# Project\\ASP .Net Core\\Shoes-Website-Project\\Shoes-Website.Application.UnitTests\\bin\\Debug\\net5.0\\fine-code-coverage\\build-output\\Microsoft.VisualStudio.TestPlatform.MSTest.TestAdapter.dll","E:\\C# Project\\ASP .Net Core\\Shoes-Website-Project\\Shoes-Website.Application.UnitTests\\bin\\Debug\\net5.0\\fine-code-coverage\\build-output\\xunit.runner.visualstudio.dotnetcore.testadapter.dll"]}
TpTrace Verbose: 0 : 2348, 4, 2021/08/18, 11:27:49.044, 957697428520, vstest.console.dll, TestRequestSender.StartTestRun: Sending test run with message: {"Version":3,"MessageType":"TestExecution.StartWithSources","Payload":{"AdapterSourceMap":{"_none_":["E:\\C# Project\\ASP .Net Core\\Shoes-Website-Project\\Shoes-Website.Application.UnitTests\\bin\\Debug\\net5.0\\fine-code-coverage\\build-output\\Shoes-Website.Application.UnitTests.dll"]},"RunSettings":"<RunSettings>\r\n  <RunConfiguration>\r\n    <ResultsDirectory>E:\\C# Project\\ASP .Net Core\\Shoes-Website-Project\\Shoes-Website.Application.UnitTests\\bin\\Debug\\net5.0\\fine-code-coverage\\coverage-tool-output</ResultsDirectory>\r\n    <TargetPlatform>X64</TargetPlatform>\r\n    <TargetFrameworkVersion>.NETCoreApp,Version=v5.0</TargetFrameworkVersion>\r\n    <DesignMode>False</DesignMode>\r\n    <CollectSourceInformation>False</CollectSourceInformation>\r\n  </RunConfiguration>\r\n  <LoggerRunSettings>\r\n    <Loggers>\r\n      <Logger friendlyName=\"blame\" enabled=\"True\" />\r\n      <Logger friendlyName=\"Console\" uri=\"logger://microsoft/TestPlatform/ConsoleLogger/v1\" assemblyQualifiedName=\"Microsoft.VisualStudio.TestPlatform.CommandLine.Internal.ConsoleLogger, vstest.console, Version=15.0.0.0, Culture=neutral, PublicKeyToken=b03f5f7f11d50a3a\" codeBase=\"C:\\Program Files\\dotnet\\sdk\\5.0.200\\vstest.console.dll\" enabled=\"True\" />\r\n    </Loggers>\r\n  </LoggerRunSettings>\r\n  <DataCollectionRunSettings>\r\n    <DataCollectors>\r\n      <DataCollector friendlyName=\"blame\" enabled=\"True\">\r\n        <Configuration>\r\n          <ResultsDirectory>E:\\C# Project\\ASP .Net Core\\Shoes-Website-Project\\Shoes-Website.Application.UnitTests\\bin\\Debug\\net5.0\\fine-code-coverage\\coverage-tool-output</ResultsDirectory>\r\n        </Configuration>\r\n      </DataCollector>\r\n    </DataCollectors>\r\n  </DataCollectionRunSettings>\r\n</RunSettings>","TestExecutionContext":{"FrequencyOfRunStatsChangeEvent":10,"RunStatsChangeEventTimeout":"00:00:01.5000000","InIsolation":false,"KeepAlive":false,"AreTestCaseLevelEventsRequired":false,"IsDebug":false,"TestCaseFilter":null,"FilterOptions":null},"Package":null}}
TpTrace Verbose: 0 : 2348, 6, 2021/08/18, 11:27:49.046, 957697449430, vstest.console.dll, TcpClientExtensions.MessageLoopAsync: NotifyDataAvailable remoteEndPoint: 127.0.0.1:58440 localEndPoint: 127.0.0.1:58439
TpTrace Verbose: 0 : 2348, 6, 2021/08/18, 11:27:49.046, 957697451000, vstest.console.dll, TestRequestSender.OnExecutionMessageReceived: Received message: {"Version":3,"MessageType":"TestSession.Message","Payload":{"MessageLevel":0,"Message":"Logging TestHost Diagnostics in file: E:\\C# Project\\ASP .Net Core\\Shoes-Website-Project\\Shoes-Website.Application.UnitTests\\bin\\Debug\\net5.0\\fine-code-coverage\\coverage-tool-output\\diagnostics.host.21-08-18_11-27-48_78919_4.log"}}
TpTrace Verbose: 0 : 2348, 6, 2021/08/18, 11:27:49.047, 957697466757, vstest.console.dll, TestRunRequest:SendTestRunMessage: Starting.
TpTrace Information: 0 : 2348, 6, 2021/08/18, 11:27:49.047, 957697467801, vstest.console.dll, TestRunRequest:SendTestRunMessage: Completed.
TpTrace Verbose: 0 : 2348, 6, 2021/08/18, 11:27:49.048, 957697468163, vstest.console.dll, TcpClientExtensions.MessageLoopAsync: Polling on remoteEndPoint: 127.0.0.1:58440 localEndPoint: 127.0.0.1:58439
TpTrace Verbose: 0 : 2348, 6, 2021/08/18, 11:27:49.186, 957698853973, vstest.console.dll, TcpClientExtensions.MessageLoopAsync: NotifyDataAvailable remoteEndPoint: 127.0.0.1:58440 localEndPoint: 127.0.0.1:58439
TpTrace Verbose: 0 : 2348, 6, 2021/08/18, 11:27:49.186, 957698854931, vstest.console.dll, TestRequestSender.OnExecutionMessageReceived: Received message: {"Version":3,"MessageType":"TestSession.Message","Payload":{"MessageLevel":0,"Message":"[xUnit.net 00:00:00.00] xUnit.net VSTest Adapter v2.4.3+1b45f5407b (64-bit .NET 5.0.3)"}}
TpTrace Verbose: 0 : 2348, 6, 2021/08/18, 11:27:49.186, 957698856916, vstest.console.dll, TestRunRequest:SendTestRunMessage: Starting.
TpTrace Information: 0 : 2348, 6, 2021/08/18, 11:27:49.186, 957698857418, vstest.console.dll, TestRunRequest:SendTestRunMessage: Completed.
TpTrace Verbose: 0 : 2348, 6, 2021/08/18, 11:27:49.186, 957698857661, vstest.console.dll, TcpClientExtensions.MessageLoopAsync: Polling on remoteEndPoint: 127.0.0.1:58440 localEndPoint: 127.0.0.1:58439
TpTrace Verbose: 0 : 2348, 6, 2021/08/18, 11:27:49.689, 957703880797, vstest.console.dll, TcpClientExtensions.MessageLoopAsync: NotifyDataAvailable remoteEndPoint: 127.0.0.1:58440 localEndPoint: 127.0.0.1:58439
TpTrace Verbose: 0 : 2348, 6, 2021/08/18, 11:27:49.689, 957703881734, vstest.console.dll, TestRequestSender.OnExecutionMessageReceived: Received message: {"Version":3,"MessageType":"TestSession.Message","Payload":{"MessageLevel":0,"Message":"[xUnit.net 00:00:00.50]   Discovering: Shoes-Website.Application.UnitTests"}}
TpTrace Verbose: 0 : 2348, 6, 2021/08/18, 11:27:49.689, 957703883330, vstest.console.dll, TestRunRequest:SendTestRunMessage: Starting.
TpTrace Information: 0 : 2348, 6, 2021/08/18, 11:27:49.689, 957703883784, vstest.console.dll, TestRunRequest:SendTestRunMessage: Completed.
TpTrace Verbose: 0 : 2348, 6, 2021/08/18, 11:27:49.689, 957703884049, vstest.console.dll, TcpClientExtensions.MessageLoopAsync: Polling on remoteEndPoint: 127.0.0.1:58440 localEndPoint: 127.0.0.1:58439
TpTrace Verbose: 0 : 2348, 6, 2021/08/18, 11:27:49.712, 957704112011, vstest.console.dll, TcpClientExtensions.MessageLoopAsync: NotifyDataAvailable remoteEndPoint: 127.0.0.1:58440 localEndPoint: 127.0.0.1:58439
TpTrace Verbose: 0 : 2348, 6, 2021/08/18, 11:27:49.712, 957704112827, vstest.console.dll, TestRequestSender.OnExecutionMessageReceived: Received message: {"Version":3,"MessageType":"TestSession.Message","Payload":{"MessageLevel":0,"Message":"[xUnit.net 00:00:00.52]   Discovered:  Shoes-Website.Application.UnitTests"}}
TpTrace Verbose: 0 : 2348, 6, 2021/08/18, 11:27:49.712, 957704114283, vstest.console.dll, TestRunRequest:SendTestRunMessage: Starting.
TpTrace Information: 0 : 2348, 6, 2021/08/18, 11:27:49.712, 957704114712, vstest.console.dll, TestRunRequest:SendTestRunMessage: Completed.
TpTrace Verbose: 0 : 2348, 6, 2021/08/18, 11:27:49.712, 957704114932, vstest.console.dll, TcpClientExtensions.MessageLoopAsync: Polling on remoteEndPoint: 127.0.0.1:58440 localEndPoint: 127.0.0.1:58439
TpTrace Verbose: 0 : 2348, 6, 2021/08/18, 11:27:49.714, 957704129889, vstest.console.dll, TcpClientExtensions.MessageLoopAsync: NotifyDataAvailable remoteEndPoint: 127.0.0.1:58440 localEndPoint: 127.0.0.1:58439
TpTrace Verbose: 0 : 2348, 6, 2021/08/18, 11:27:49.714, 957704130447, vstest.console.dll, TestRequestSender.OnExecutionMessageReceived: Received message: {"Version":3,"MessageType":"TestSession.Message","Payload":{"MessageLevel":0,"Message":"[xUnit.net 00:00:00.53]   Starting:    Shoes-Website.Application.UnitTests"}}
TpTrace Verbose: 0 : 2348, 6, 2021/08/18, 11:27:49.714, 957704131229, vstest.console.dll, TestRunRequest:SendTestRunMessage: Starting.
TpTrace Information: 0 : 2348, 6, 2021/08/18, 11:27:49.714, 957704131562, vstest.console.dll, TestRunRequest:SendTestRunMessage: Completed.
TpTrace Verbose: 0 : 2348, 6, 2021/08/18, 11:27:49.714, 957704131850, vstest.console.dll, TcpClientExtensions.MessageLoopAsync: Polling on remoteEndPoint: 127.0.0.1:58440 localEndPoint: 127.0.0.1:58439
TpTrace Verbose: 0 : 2348, 6, 2021/08/18, 11:27:49.839, 957705378791, vstest.console.dll, TcpClientExtensions.MessageLoopAsync: NotifyDataAvailable remoteEndPoint: 127.0.0.1:58440 localEndPoint: 127.0.0.1:58439
TpTrace Verbose: 0 : 2348, 6, 2021/08/18, 11:27:49.839, 957705379896, vstest.console.dll, TestRequestSender.OnExecutionMessageReceived: Received message: {"Version":3,"MessageType":"TestSession.Message","Payload":{"MessageLevel":0,"Message":"[xUnit.net 00:00:00.65]   Finished:    Shoes-Website.Application.UnitTests"}}
TpTrace Verbose: 0 : 2348, 6, 2021/08/18, 11:27:49.839, 957705381866, vstest.console.dll, TestRunRequest:SendTestRunMessage: Starting.
TpTrace Information: 0 : 2348, 6, 2021/08/18, 11:27:49.839, 957705382453, vstest.console.dll, TestRunRequest:SendTestRunMessage: Completed.
TpTrace Verbose: 0 : 2348, 6, 2021/08/18, 11:27:49.839, 957705382745, vstest.console.dll, TcpClientExtensions.MessageLoopAsync: Polling on remoteEndPoint: 127.0.0.1:58440 localEndPoint: 127.0.0.1:58439
TpTrace Verbose: 0 : 2348, 6, 2021/08/18, 11:27:49.872, 957705712064, vstest.console.dll, TcpClientExtensions.MessageLoopAsync: NotifyDataAvailable remoteEndPoint: 127.0.0.1:58440 localEndPoint: 127.0.0.1:58439
TpTrace Verbose: 0 : 2348, 6, 2021/08/18, 11:27:49.872, 957705715319, vstest.console.dll, TestRequestSender.OnExecutionMessageReceived: Received message: {"Version":3,"MessageType":"TestExecution.Completed","Payload":{"TestRunCompleteArgs":{"TestRunStatistics":{"ExecutedTests":5,"Stats":{"Passed":5}},"IsCanceled":false,"IsAborted":false,"Error":null,"AttachmentSets":[],"ElapsedTimeInRunningTests":"00:00:00.6830188","Metrics":{}},"LastRunTests":{"NewTestResults":[{"TestCase":{"Properties":[{"Key":{"Id":"TestCase.FullyQualifiedName","Label":"FullyQualifiedName","Category":"","Description":"","Attributes":1,"ValueType":"System.String"},"Value":"Shoes_Website.Application.UnitTests.Products.AddProductColor.AddProductColorCommandValidatorTest.AddProductColorCommand_ShouldBeTrue"},{"Key":{"Id":"TestCase.ExecutorUri","Label":"Executor Uri","Category":"","Description":"","Attributes":1,"ValueType":"System.Uri"},"Value":"executor://xunit/VsTestRunner2/netcoreapp"},{"Key":{"Id":"TestCase.Source","Label":"Source","Category":"","Description":"","Attributes":0,"ValueType":"System.String"},"Value":"E:\\C# Project\\ASP .Net Core\\Shoes-Website-Project\\Shoes-Website.Application.UnitTests\\bin\\Debug\\net5.0\\fine-code-coverage\\build-output\\Shoes-Website.Application.UnitTests.dll"},{"Key":{"Id":"TestCase.CodeFilePath","Label":"File Path","Category":"","Description":"","Attributes":0,"ValueType":"System.String"},"Value":null},{"Key":{"Id":"TestCase.DisplayName","Label":"Name","Category":"","Description":"","Attributes":0,"ValueType":"System.String"},"Value":"Shoes_Website.Application.UnitTests.Products.AddProductColor.AddProductColorCommandValidatorTest.AddProductColorCommand_ShouldBeTrue"},{"Key":{"Id":"TestCase.Id","Label":"Id","Category":"","Description":"","Attributes":1,"ValueType":"System.Guid"},"Value":"0982ef08-c494-42e6-8b0b-49e64ca6bcec"},{"Key":{"Id":"TestCase.LineNumber","Label":"Line Number","Category":"","Description":"","Attributes":1,"ValueType":"System.Int32"},"Value":0}]},"Attachments":[],"Messages":[],"Properties":[{"Key":{"Id":"TestResult.Outcome","Label":"Outcome","Category":"","Description":"","Attributes":0,"ValueType":"Microsoft.VisualStudio.TestPlatform.ObjectModel.TestOutcome, Microsoft.VisualStudio.TestPlatform.ObjectModel, Version=15.0.0.0, Culture=neutral, PublicKeyToken=b03f5f7f11d50a3a"},"Value":1},{"Key":{"Id":"TestResult.ErrorMessage","Label":"Error Message","Category":"","Description":"","Attributes":0,"ValueType":"System.String"},"Value":null},{"Key":{"Id":"TestResult.ErrorStackTrace","Label":"Error Stack Trace","Category":"","Description":"","Attributes":0,"ValueType":"System.String"},"Value":null},{"Key":{"Id":"TestResult.DisplayName","Label":"TestResult Display Name","Category":"","Description":"","Attributes":1,"ValueType":"System.String"},"Value":"Shoes_Website.Application.UnitTests.Products.AddProductColor.AddProductColorCommandValidatorTest.AddProductColorCommand_ShouldBeTrue"},{"Key":{"Id":"TestResult.ComputerName","Label":"Computer Name","Category":"","Description":"","Attributes":0,"ValueType":"System.String"},"Value":"MICHAELD-KILLER"},{"Key":{"Id":"TestResult.Duration","Label":"Duration","Category":"","Description":"","Attributes":0,"ValueType":"System.TimeSpan"},"Value":"00:00:00.0142706"},{"Key":{"Id":"TestResult.StartTime","Label":"Start Time","Category":"","Description":"","Attributes":0,"ValueType":"System.DateTimeOffset"},"Value":"2021-08-18T04:27:49.7723574+00:00"},{"Key":{"Id":"TestResult.EndTime","Label":"End Time","Category":"","Description":"","Attributes":0,"ValueType":"System.DateTimeOffset"},"Value":"2021-08-18T04:27:49.7724201+00:00"}]},{"TestCase":{"Properties":[{"Key":{"Id":"TestCase.FullyQualifiedName","Label":"FullyQualifiedName","Category":"","Description":"","Attributes":1,"ValueType":"System.String"},"Value":"Shoes_Website.Application.UnitTests.Products.AddProductColor.AddProductColorCommandValidatorTest.AddProductColorCommand_ShouldBeFalse"},{"Key":{"Id":"TestCase.ExecutorUri","Label":"Executor Uri","Category":"","Description":"","Attributes":1,"ValueType":"System.Uri"},"Value":"executor://xunit/VsTestRunner2/netcoreapp"},{"Key":{"Id":"TestCase.Source","Label":"Source","Category":"","Description":"","Attributes":0,"ValueType":"System.String"},"Value":"E:\\C# Project\\ASP .Net Core\\Shoes-Website-Project\\Shoes-Website.Application.UnitTests\\bin\\Debug\\net5.0\\fine-code-coverage\\build-output\\Shoes-Website.Application.UnitTests.dll"},{"Key":{"Id":"TestCase.CodeFilePath","Label":"File Path","Category":"","Description":"","Attributes":0,"ValueType":"System.String"},"Value":null},{"Key":{"Id":"TestCase.DisplayName","Label":"Name","Category":"","Description":"","Attributes":0,"ValueType":"System.String"},"Value":"Shoes_Website.Application.UnitTests.Products.AddProductColor.AddProductColorCommandValidatorTest.AddProductColorCommand_ShouldBeFalse"},{"Key":{"Id":"TestCase.Id","Label":"Id","Category":"","Description":"","Attributes":1,"ValueType":"System.Guid"},"Value":"ffc64654-34b8-b4ed-0110-9eec33b75b1f"},{"Key":{"Id":"TestCase.LineNumber","Label":"Line Number","Category":"","Description":"","Attributes":1,"ValueType":"System.Int32"},"Value":0}]},"Attachments":[],"Messages":[],"Properties":[{"Key":{"Id":"TestResult.Outcome","Label":"Outcome","Category":"","Description":"","Attributes":0,"ValueType":"Microsoft.VisualStudio.TestPlatform.ObjectModel.TestOutcome, Microsoft.VisualStudio.TestPlatform.ObjectModel, Version=15.0.0.0, Culture=neutral, PublicKeyToken=b03f5f7f11d50a3a"},"Value":1},{"Key":{"Id":"TestResult.ErrorMessage","Label":"Error Message","Category":"","Description":"","Attributes":0,"ValueType":"System.String"},"Value":null},{"Key":{"Id":"TestResult.ErrorStackTrace","Label":"Error Stack Trace","Category":"","Description":"","Attributes":0,"ValueType":"System.String"},"Value":null},{"Key":{"Id":"TestResult.DisplayName","Label":"TestResult Display Name","Category":"","Description":"","Attributes":1,"ValueType":"System.String"},"Value":"Shoes_Website.Application.UnitTests.Products.AddProductColor.AddProductColorCommandValidatorTest.AddProductColorCommand_ShouldBeFalse"},{"Key":{"Id":"TestResult.ComputerName","Label":"Computer Name","Category":"","Description":"","Attributes":0,"ValueType":"System.String"},"Value":"MICHAELD-KILLER"},{"Key":{"Id":"TestResult.Duration","Label":"Duration","Category":"","Description":"","Attributes":0,"ValueType":"System.TimeSpan"},"Value":"00:00:00.0070481"},{"Key":{"Id":"TestResult.StartTime","Label":"Start Time","Category":"","Description":"","Attributes":0,"ValueType":"System.DateTimeOffset"},"Value":"2021-08-18T04:27:49.789505+00:00"},{"Key":{"Id":"TestResult.EndTime","Label":"End Time","Category":"","Description":"","Attributes":0,"ValueType":"System.DateTimeOffset"},"Value":"2021-08-18T04:27:49.7895059+00:00"}]},{"TestCase":{"Properties":[{"Key":{"Id":"TestCase.FullyQualifiedName","Label":"FullyQualifiedName","Category":"","Description":"","Attributes":1,"ValueType":"System.String"},"Value":"Shoes_Website.Application.UnitTests.Products.AddNewProduct.AddProductCommandValidatorTest.AddProductCommand_ShouldBeTrue"},{"Key":{"Id":"TestCase.ExecutorUri","Label":"Executor Uri","Category":"","Description":"","Attributes":1,"ValueType":"System.Uri"},"Value":"executor://xunit/VsTestRunner2/netcoreapp"},{"Key":{"Id":"TestCase.Source","Label":"Source","Category":"","Description":"","Attributes":0,"ValueType":"System.String"},"Value":"E:\\C# Project\\ASP .Net Core\\Shoes-Website-Project\\Shoes-Website.Application.UnitTests\\bin\\Debug\\net5.0\\fine-code-coverage\\build-output\\Shoes-Website.Application.UnitTests.dll"},{"Key":{"Id":"TestCase.CodeFilePath","Label":"File Path","Category":"","Description":"","Attributes":0,"ValueType":"System.String"},"Value":null},{"Key":{"Id":"TestCase.DisplayName","Label":"Name","Category":"","Description":"","Attributes":0,"ValueType":"System.String"},"Value":"Shoes_Website.Application.UnitTests.Products.AddNewProduct.AddProductCommandValidatorTest.AddProductCommand_ShouldBeTrue"},{"Key":{"Id":"TestCase.Id","Label":"Id","Category":"","Description":"","Attributes":1,"ValueType":"System.Guid"},"Value":"b8305805-dc0f-1a46-a4ea-72d64e347b77"},{"Key":{"Id":"TestCase.LineNumber","Label":"Line Number","Category":"","Description":"","Attributes":1,"ValueType":"System.Int32"},"Value":0}]},"Attachments":[],"Messages":[],"Properties":[{"Key":{"Id":"TestResult.Outcome","Label":"Outcome","Category":"","Description":"","Attributes":0,"ValueType":"Microsoft.VisualStudio.TestPlatform.ObjectModel.TestOutcome, Microsoft.VisualStudio.TestPlatform.ObjectModel, Version=15.0.0.0, Culture=neutral, PublicKeyToken=b03f5f7f11d50a3a"},"Value":1},{"Key":{"Id":"TestResult.ErrorMessage","Label":"Error Message","Category":"","Description":"","Attributes":0,"ValueType":"System.String"},"Value":null},{"Key":{"Id":"TestResult.ErrorStackTrace","Label":"Error Stack Trace","Category":"","Description":"","Attributes":0,"ValueType":"System.String"},"Value":null},{"Key":{"Id":"TestResult.DisplayName","Label":"TestResult Display Name","Category":"","Description":"","Attributes":1,"ValueType":"System.String"},"Value":"Shoes_Website.Application.UnitTests.Products.AddNewProduct.AddProductCommandValidatorTest.AddProductCommand_ShouldBeTrue"},{"Key":{"Id":"TestResult.ComputerName","Label":"Computer Name","Category":"","Description":"","Attributes":0,"ValueType":"System.String"},"Value":"MICHAELD-KILLER"},{"Key":{"Id":"TestResult.Duration","Label":"Duration","Category":"","Description":"","Attributes":0,"ValueType":"System.TimeSpan"},"Value":"00:00:00.0572037"},{"Key":{"Id":"TestResult.StartTime","Label":"Start Time","Category":"","Description":"","Attributes":0,"ValueType":"System.DateTimeOffset"},"Value":"2021-08-18T04:27:49.8091744+00:00"},{"Key":{"Id":"TestResult.EndTime","Label":"End Time","Category":"","Description":"","Attributes":0,"ValueType":"System.DateTimeOffset"},"Value":"2021-08-18T04:27:49.809176+00:00"}]},{"TestCase":{"Properties":[{"Key":{"Id":"TestCase.FullyQualifiedName","Label":"FullyQualifiedName","Category":"","Description":"","Attributes":1,"ValueType":"System.String"},"Value":"Shoes_Website.Application.UnitTests.Products.AddNewProduct.AddProductCommandValidatorTest.AddProductCommand_ShouldBeFalse"},{"Key":{"Id":"TestCase.ExecutorUri","Label":"Executor Uri","Category":"","Description":"","Attributes":1,"ValueType":"System.Uri"},"Value":"executor://xunit/VsTestRunner2/netcoreapp"},{"Key":{"Id":"TestCase.Source","Label":"Source","Category":"","Description":"","Attributes":0,"ValueType":"System.String"},"Value":"E:\\C# Project\\ASP .Net Core\\Shoes-Website-Project\\Shoes-Website.Application.UnitTests\\bin\\Debug\\net5.0\\fine-code-coverage\\build-output\\Shoes-Website.Application.UnitTests.dll"},{"Key":{"Id":"TestCase.CodeFilePath","Label":"File Path","Category":"","Description":"","Attributes":0,"ValueType":"System.String"},"Value":null},{"Key":{"Id":"TestCase.DisplayName","Label":"Name","Category":"","Description":"","Attributes":0,"ValueType":"System.String"},"Value":"Shoes_Website.Application.UnitTests.Products.AddNewProduct.AddProductCommandValidatorTest.AddProductCommand_ShouldBeFalse"},{"Key":{"Id":"TestCase.Id","Label":"Id","Category":"","Description":"","Attributes":1,"ValueType":"System.Guid"},"Value":"f9ea1dab-e611-1705-cf74-1c9251504d34"},{"Key":{"Id":"TestCase.LineNumber","Label":"Line Number","Category":"","Description":"","Attributes":1,"ValueType":"System.Int32"},"Value":0}]},"Attachments":[],"Messages":[],"Properties":[{"Key":{"Id":"TestResult.Outcome","Label":"Outcome","Category":"","Description":"","Attributes":0,"ValueType":"Microsoft.VisualStudio.TestPlatform.ObjectModel.TestOutcome, Microsoft.VisualStudio.TestPlatform.ObjectModel, Version=15.0.0.0, Culture=neutral, PublicKeyToken=b03f5f7f11d50a3a"},"Value":1},{"Key":{"Id":"TestResult.ErrorMessage","Label":"Error Message","Category":"","Description":"","Attributes":0,"ValueType":"System.String"},"Value":null},{"Key":{"Id":"TestResult.ErrorStackTrace","Label":"Error Stack Trace","Category":"","Description":"","Attributes":0,"ValueType":"System.String"},"Value":null},{"Key":{"Id":"TestResult.DisplayName","Label":"TestResult Display Name","Category":"","Description":"","Attributes":1,"ValueType":"System.String"},"Value":"Shoes_Website.Application.UnitTests.Products.AddNewProduct.AddProductCommandValidatorTest.AddProductCommand_ShouldBeFalse"},{"Key":{"Id":"TestResult.ComputerName","Label":"Computer Name","Category":"","Description":"","Attributes":0,"ValueType":"System.String"},"Value":"MICHAELD-KILLER"},{"Key":{"Id":"TestResult.Duration","Label":"Duration","Category":"","Description":"","Attributes":0,"ValueType":"System.TimeSpan"},"Value":"00:00:00.0106864"},{"Key":{"Id":"TestResult.StartTime","Label":"Start Time","Category":"","Description":"","Attributes":0,"ValueType":"System.DateTimeOffset"},"Value":"2021-08-18T04:27:49.8199493+00:00"},{"Key":{"Id":"TestResult.EndTime","Label":"End Time","Category":"","Description":"","Attributes":0,"ValueType":"System.DateTimeOffset"},"Value":"2021-08-18T04:27:49.8199509+00:00"}]},{"TestCase":{"Properties":[{"Key":{"Id":"TestCase.FullyQualifiedName","Label":"FullyQualifiedName","Category":"","Description":"","Attributes":1,"ValueType":"System.String"},"Value":"Shoes_Website.Application.UnitTests.Products.AddNewProduct.AddNewProductHandlerTest.AddNewProduct_WrongExtension_ThrowException"},{"Key":{"Id":"TestCase.ExecutorUri","Label":"Executor Uri","Category":"","Description":"","Attributes":1,"ValueType":"System.Uri"},"Value":"executor://xunit/VsTestRunner2/netcoreapp"},{"Key":{"Id":"TestCase.Source","Label":"Source","Category":"","Description":"","Attributes":0,"ValueType":"System.String"},"Value":"E:\\C# Project\\ASP .Net Core\\Shoes-Website-Project\\Shoes-Website.Application.UnitTests\\bin\\Debug\\net5.0\\fine-code-coverage\\build-output\\Shoes-Website.Application.UnitTests.dll"},{"Key":{"Id":"TestCase.CodeFilePath","Label":"File Path","Category":"","Description":"","Attributes":0,"ValueType":"System.String"},"Value":null},{"Key":{"Id":"TestCase.DisplayName","Label":"Name","Category":"","Description":"","Attributes":0,"ValueType":"System.String"},"Value":"Shoes_Website.Application.UnitTests.Products.AddNewProduct.AddNewProductHandlerTest.AddNewProduct_WrongExtension_ThrowException"},{"Key":{"Id":"TestCase.Id","Label":"Id","Category":"","Description":"","Attributes":1,"ValueType":"System.Guid"},"Value":"9f166515-432b-a133-3d74-aca1d9bc886d"},{"Key":{"Id":"TestCase.LineNumber","Label":"Line Number","Category":"","Description":"","Attributes":1,"ValueType":"System.Int32"},"Value":0}]},"Attachments":[],"Messages":[],"Properties":[{"Key":{"Id":"TestResult.Outcome","Label":"Outcome","Category":"","Description":"","Attributes":0,"ValueType":"Microsoft.VisualStudio.TestPlatform.ObjectModel.TestOutcome, Microsoft.VisualStudio.TestPlatform.ObjectModel, Version=15.0.0.0, Culture=neutral, PublicKeyToken=b03f5f7f11d50a3a"},"Value":1},{"Key":{"Id":"TestResult.ErrorMessage","Label":"Error Message","Category":"","Description":"","Attributes":0,"ValueType":"System.String"},"Value":null},{"Key":{"Id":"TestResult.ErrorStackTrace","Label":"Error Stack Trace","Category":"","Description":"","Attributes":0,"ValueType":"System.String"},"Value":null},{"Key":{"Id":"TestResult.DisplayName","Label":"TestResult Display Name","Category":"","Description":"","Attributes":1,"ValueType":"System.String"},"Value":"Shoes_Website.Application.UnitTests.Products.AddNewProduct.AddNewProductHandlerTest.AddNewProduct_WrongExtension_ThrowException"},{"Key":{"Id":"TestResult.ComputerName","Label":"Computer Name","Category":"","Description":"","Attributes":0,"ValueType":"System.String"},"Value":"MICHAELD-KILLER"},{"Key":{"Id":"TestResult.Duration","Label":"Duration","Category":"","Description":"","Attributes":0,"ValueType":"System.TimeSpan"},"Value":"00:00:00.0843069"},{"Key":{"Id":"TestResult.StartTime","Label":"Start Time","Category":"","Description":"","Attributes":0,"ValueType":"System.DateTimeOffset"},"Value":"2021-08-18T04:27:49.8362766+00:00"},{"Key":{"Id":"TestResult.EndTime","Label":"End Time","Category":"","Description":"","Attributes":0,"ValueType":"System.DateTimeOffset"},"Value":"2021-08-18T04:27:49.8362781+00:00"}]}],"TestRunStatistics":{"ExecutedTests":5,"Stats":{"Passed":5}},"ActiveTests":[]},"RunAttachments":[],"ExecutorUris":["executor://xunit/VsTestRunner2/netcoreapp"]}}
TpTrace Verbose: 0 : 2348, 6, 2021/08/18, 11:27:49.875, 957705744912, vstest.console.dll, TestRequestSender.EndSession: Sending end session.
TpTrace Verbose: 0 : 2348, 6, 2021/08/18, 11:27:49.875, 957705747129, vstest.console.dll, ProxyOperationManager.Close: waiting for test host to exit for 100 ms
TpTrace Warning: 0 : 2348, 10, 2021/08/18, 11:27:49.914, 957706135222, vstest.console.dll, TestHostManagerCallbacks.ErrorReceivedCallback Test host standard error line: 
TpTrace Verbose: 0 : 2348, 7, 2021/08/18, 11:27:49.925, 957706245147, vstest.console.dll, TestHostProvider.ExitCallBack: Host exited starting callback.
TpTrace Information: 0 : 2348, 7, 2021/08/18, 11:27:49.926, 957706250263, vstest.console.dll, TestHostManagerCallbacks.ExitCallBack: Testhost processId: 2880 exited with exitcode: 0 error: ''
TpTrace Verbose: 0 : 2348, 7, 2021/08/18, 11:27:49.926, 957706250836, vstest.console.dll, DotnetTestHostManager.OnHostExited: invoking OnHostExited callback
TpTrace Verbose: 0 : 2348, 7, 2021/08/18, 11:27:49.926, 957706251287, vstest.console.dll, CrossPlatEngine.TestHostManagerHostExited: calling on client process exit callback.
TpTrace Information: 0 : 2348, 7, 2021/08/18, 11:27:49.926, 957706251744, vstest.console.dll, TestRequestSender.OnClientProcessExit: Test host process exited. Standard error: 
TpTrace Warning: 0 : 2348, 6, 2021/08/18, 11:27:49.926, 957706251883, vstest.console.dll, ProxyOperationManager: Timed out waiting for test host to exit. Will terminate process.
TpTrace Information: 0 : 2348, 7, 2021/08/18, 11:27:49.926, 957706252085, vstest.console.dll, SocketServer.Stop: Stop server endPoint: 127.0.0.1:58439
TpTrace Information: 0 : 2348, 7, 2021/08/18, 11:27:49.926, 957706252678, vstest.console.dll, SocketServer.Stop: Cancellation requested. Stopping message loop.
TpTrace Verbose: 0 : 2348, 6, 2021/08/18, 11:27:49.927, 957706263249, vstest.console.dll, ProxyDataCollectionManager.InvokeDataCollectionServiceAction: Starting.
TpTrace Information: 0 : 2348, 6, 2021/08/18, 11:27:49.927, 957706263659, vstest.console.dll, ProxyDataCollectionManager.AfterTestRunEnd: Get attachment set for datacollector processId: 20188 port: 58433
TpTrace Verbose: 0 : 2348, 6, 2021/08/18, 11:27:49.927, 957706264058, vstest.console.dll, DataCollectionRequestSender.SendAfterTestRunStartAndGetResult : Send AfterTestRunEnd message with isCancelled: False
TpTrace Verbose: 0 : 2348, 6, 2021/08/18, 11:27:49.931, 957706300536, vstest.console.dll, DataCollectionRequestSender.SendAfterTestRunStartAndGetResult : Received message: (DataCollection.AfterTestRunEndResult) -> {
  "AttachmentSets": [],
  "Metrics": {}
}
TpTrace Information: 0 : 2348, 6, 2021/08/18, 11:27:49.934, 957706330050, vstest.console.dll, ProxyDataCollectionManager.InvokeDataCollectionServiceAction: Completed.
TpTrace Warning: 0 : 2348, 9, 2021/08/18, 11:27:49.938, 957706370022, vstest.console.dll, DataCollectionLauncher.ErrorReceivedCallback datacollector standard error line: 
TpTrace Information: 0 : 2348, 7, 2021/08/18, 11:27:49.942, 957706411703, vstest.console.dll, DataCollectionLauncher.ExitCallBack: Data collector exited with exitcode: 0 error: ''
TpTrace Verbose: 0 : 2348, 6, 2021/08/18, 11:27:49.967, 957706661031, vstest.console.dll, TestRunRequest:SendTestRunStatsChange: Starting.
TpTrace Information: 0 : 2348, 6, 2021/08/18, 11:27:49.967, 957706662586, vstest.console.dll, TestRunRequest:SendTestRunStatsChange: Completed.
TpTrace Verbose: 0 : 2348, 6, 2021/08/18, 11:27:49.967, 957706663703, vstest.console.dll, ParallelProxyExecutionManager: HandlePartialRunComplete: Total completed clients = 1, Run complete = True, Run canceled: False.
TpTrace Verbose: 0 : 2348, 6, 2021/08/18, 11:27:49.976, 957706748898, vstest.console.dll, TestRunRequest:TestRunComplete: Starting. IsAborted:False IsCanceled:False.
TpTrace Verbose: 0 : 2348, 6, 2021/08/18, 11:27:49.976, 957706750155, vstest.console.dll, TestLoggerManager.HandleTestRunComplete: Ignoring as the object is disposed.
TpTrace Information: 0 : 2348, 6, 2021/08/18, 11:27:49.976, 957706752148, vstest.console.dll, TestRunRequest:TestRunComplete: Completed.
TpTrace Verbose: 0 : 2348, 1, 2021/08/18, 11:27:49.976, 957706752244, vstest.console.dll, TestRunRequest.Dispose: Starting.
TpTrace Verbose: 0 : 2348, 6, 2021/08/18, 11:27:49.976, 957706752573, vstest.console.dll, TestRequestSender.SetOperationComplete: Setting operation complete.
TpTrace Information: 0 : 2348, 1, 2021/08/18, 11:27:49.976, 957706752944, vstest.console.dll, TestRunRequest.Dispose: Completed.
TpTrace Information: 0 : 2348, 1, 2021/08/18, 11:27:49.976, 957706753337, vstest.console.dll, TestRequestManager.RunTests: run tests completed.
TpTrace Information: 0 : 2348, 6, 2021/08/18, 11:27:49.976, 957706753378, vstest.console.dll, SocketServer.Stop: Stop server endPoint: 127.0.0.1:58439
TpTrace Information: 0 : 2348, 1, 2021/08/18, 11:27:49.976, 957706753803, vstest.console.dll, RunTestsArgumentProcessor:Execute: Test run is completed.
TpTrace Information: 0 : 2348, 6, 2021/08/18, 11:27:49.976, 957706753864, vstest.console.dll, SocketServer.Stop: Cancellation requested. Stopping message loop.
TpTrace Information: 0 : 2348, 6, 2021/08/18, 11:27:49.976, 957706754348, vstest.console.dll, SocketServer.PrivateStop: Stop server endPoint: 127.0.0.1:58439 error: 
TpTrace Verbose: 0 : 2348, 1, 2021/08/18, 11:27:49.976, 957706754971, vstest.console.dll, Executor.Execute: Exiting with exit code of 0
TpTrace Verbose: 0 : 2348, 6, 2021/08/18, 11:27:49.977, 957706758587, vstest.console.dll, LengthPrefixCommunicationChannel.Dispose: Dispose reader and writer.
TpTrace Information: 0 : 2348, 6, 2021/08/18, 11:27:49.977, 957706759155, vstest.console.dll, SocketServer.Stop: Raise disconnected event endPoint: 127.0.0.1:58439 error: 
TpTrace Verbose: 0 : 2348, 6, 2021/08/18, 11:27:49.977, 957706759597, vstest.console.dll, TestRequestSender: OnTestRunAbort: Operation is already complete. Skip error message.
TpTrace Verbose: 0 : 2348, 6, 2021/08/18, 11:27:49.977, 957706759864, vstest.console.dll, TcpClientExtensions.MessageLoopAsync: exiting MessageLoopAsync remoteEndPoint: 127.0.0.1:58440 localEndPoint: 127.0.0.1:58439
